[debug] [2023-05-25T06:43:57.636Z] ----------------------------------------------------------------------
[debug] [2023-05-25T06:43:57.639Z] Command:       C:\Program Files\nodejs\node.exe C:\Users\dniok\AppData\Roaming\npm\node_modules\firebase-tools\lib\bin\firebase.js init
[debug] [2023-05-25T06:43:57.640Z] CLI Version:   12.2.1
[debug] [2023-05-25T06:43:57.641Z] Platform:      win32
[debug] [2023-05-25T06:43:57.641Z] Node Version:  v18.13.0
[debug] [2023-05-25T06:43:57.642Z] Time:          Thu May 25 2023 14:43:57 GMT+0800 (Ulaanbaatar Standard Time)
[debug] [2023-05-25T06:43:57.643Z] ----------------------------------------------------------------------
[debug] 
[debug] [2023-05-25T06:43:57.768Z] > command requires scopes: ["email","openid","https://www.googleapis.com/auth/cloudplatformprojects.readonly","https://www.googleapis.com/auth/firebase","https://www.googleapis.com/auth/cloud-platform"]
[debug] [2023-05-25T06:43:57.768Z] > authorizing via signed-in user (dennioko0412@gmail.com)
[info] 
     ######## #### ########  ######## ########     ###     ######  ########
     ##        ##  ##     ## ##       ##     ##  ##   ##  ##       ##
     ######    ##  ########  ######   ########  #########  ######  ######
     ##        ##  ##    ##  ##       ##     ## ##     ##       ## ##
     ##       #### ##     ## ######## ########  ##     ##  ######  ########

You're about to initialize a Firebase project in this directory:

  C:\Users\dniok

Before we get started, keep in mind:

  * You are initializing within an existing Firebase project directory

[info] 
=== Project Setup
[info] 
[info] First, let's associate this project directory with a Firebase project.
[info] You can create multiple project aliases by running firebase use --add, 
[info] but for now we'll just set up a default project.
[info] 
[debug] [2023-05-25T06:44:01.916Z] Using project from CLI flag: phonemarket-cf9fe
[debug] [2023-05-25T06:44:01.920Z] >>> [apiv2][query] GET https://firebase.googleapis.com/v1beta1/projects/phonemarket-cf9fe [none]
[debug] [2023-05-25T06:44:02.536Z] <<< [apiv2][status] GET https://firebase.googleapis.com/v1beta1/projects/phonemarket-cf9fe 403
[debug] [2023-05-25T06:44:02.536Z] <<< [apiv2][body] GET https://firebase.googleapis.com/v1beta1/projects/phonemarket-cf9fe {"error":{"code":403,"message":"The caller does not have permission","status":"PERMISSION_DENIED"}}
[debug] [2023-05-25T06:44:02.537Z] HTTP Error: 403, The caller does not have permission
[debug] [2023-05-25T06:44:02.820Z] FirebaseError: HTTP Error: 403, The caller does not have permission
    at responseToError (C:\Users\dniok\AppData\Roaming\npm\node_modules\firebase-tools\lib\responseToError.js:49:12)
    at RetryOperation._fn (C:\Users\dniok\AppData\Roaming\npm\node_modules\firebase-tools\lib\apiv2.js:288:77)
    at process.processTicksAndRejections (node:internal/process/task_queues:95:5)
[error] 
[error] Error: Failed to get Firebase project phonemarket-cf9fe. Please make sure the project exists and your account has permission to access it.
